<?xml version="1.0" encoding="UTF-8"?>
<testng-results ignored="0" total="1" passed="1" failed="0" skipped="0">
  <reporter-output>
  </reporter-output>
  <suite started-at="2026-02-05T13:57:17 GMT+07:00" name="Default suite" finished-at="2026-02-05T13:57:28 GMT+07:00" duration-ms="11832">
    <groups>
    </groups>
    <test started-at="2026-02-05T13:57:17 GMT+07:00" name="Default test" finished-at="2026-02-05T13:57:28 GMT+07:00" duration-ms="11832">
      <class name="TestCases.Railway.LogoutTest">
        <test-method is-config="true" signature="beforeMethod()[pri:0, instance:TestCases.Railway.LogoutTest@6aba2b86]" started-at="2026-02-05T13:57:17 GMT+07:00" name="beforeMethod" finished-at="2026-02-05T13:57:18 GMT+07:00" duration-ms="1802" status="PASS">
          <reporter-output>
          </reporter-output>
        </test-method> <!-- beforeMethod -->
        <test-method signature="TC06()[pri:0, instance:TestCases.Railway.LogoutTest@6aba2b86]" started-at="2026-02-05T13:57:18 GMT+07:00" name="TC06" finished-at="2026-02-05T13:57:28 GMT+07:00" duration-ms="9745" status="PASS">
          <reporter-output>
          </reporter-output>
        </test-method> <!-- TC06 -->
        <test-method is-config="true" signature="afterMethod()[pri:0, instance:TestCases.Railway.LogoutTest@6aba2b86]" started-at="2026-02-05T13:57:28 GMT+07:00" name="afterMethod" finished-at="2026-02-05T13:57:28 GMT+07:00" duration-ms="228" status="PASS">
          <reporter-output>
          </reporter-output>
        </test-method> <!-- afterMethod -->
      </class> <!-- TestCases.Railway.LogoutTest -->
    </test> <!-- Default test -->
  </suite> <!-- Default suite -->
</testng-results>
