<?xml version="1.0" encoding="UTF-8"?>
<testng-results ignored="0" total="5" passed="3" failed="2" skipped="0">
  <reporter-output>
  </reporter-output>
  <suite started-at="2026-02-04T17:00:08 GMT+07:00" name="Default suite" finished-at="2026-02-04T17:01:09 GMT+07:00" duration-ms="60745">
    <groups>
    </groups>
    <test started-at="2026-02-04T17:00:08 GMT+07:00" name="Default test" finished-at="2026-02-04T17:01:09 GMT+07:00" duration-ms="60745">
      <class name="TestCases.Railway.LoginTest">
        <test-method is-config="true" signature="beforeMethod()[pri:0, instance:TestCases.Railway.LoginTest@7c729a55]" started-at="2026-02-04T17:00:08 GMT+07:00" name="beforeMethod" finished-at="2026-02-04T17:00:27 GMT+07:00" duration-ms="18400" status="PASS">
          <reporter-output>
          </reporter-output>
        </test-method> <!-- beforeMethod -->
        <test-method signature="TC01()[pri:0, instance:TestCases.Railway.LoginTest@7c729a55]" started-at="2026-02-04T17:00:27 GMT+07:00" name="TC01" finished-at="2026-02-04T17:00:35 GMT+07:00" duration-ms="7819" status="PASS">
          <reporter-output>
          </reporter-output>
        </test-method> <!-- TC01 -->
        <test-method is-config="true" signature="afterMethod()[pri:0, instance:TestCases.Railway.LoginTest@7c729a55]" started-at="2026-02-04T17:00:35 GMT+07:00" name="afterMethod" finished-at="2026-02-04T17:00:35 GMT+07:00" duration-ms="246" status="PASS">
          <reporter-output>
          </reporter-output>
        </test-method> <!-- afterMethod -->
        <test-method is-config="true" signature="beforeMethod()[pri:0, instance:TestCases.Railway.LoginTest@7c729a55]" started-at="2026-02-04T17:00:35 GMT+07:00" name="beforeMethod" finished-at="2026-02-04T17:00:36 GMT+07:00" duration-ms="969" status="PASS">
          <reporter-output>
          </reporter-output>
        </test-method> <!-- beforeMethod -->
        <test-method signature="TC02()[pri:0, instance:TestCases.Railway.LoginTest@7c729a55]" started-at="2026-02-04T17:00:36 GMT+07:00" name="TC02" finished-at="2026-02-04T17:00:41 GMT+07:00" duration-ms="5442" status="PASS">
          <reporter-output>
          </reporter-output>
        </test-method> <!-- TC02 -->
        <test-method is-config="true" signature="afterMethod()[pri:0, instance:TestCases.Railway.LoginTest@7c729a55]" started-at="2026-02-04T17:00:41 GMT+07:00" name="afterMethod" finished-at="2026-02-04T17:00:41 GMT+07:00" duration-ms="205" status="PASS">
          <reporter-output>
          </reporter-output>
        </test-method> <!-- afterMethod -->
        <test-method is-config="true" signature="beforeMethod()[pri:0, instance:TestCases.Railway.LoginTest@7c729a55]" started-at="2026-02-04T17:00:41 GMT+07:00" name="beforeMethod" finished-at="2026-02-04T17:00:42 GMT+07:00" duration-ms="963" status="PASS">
          <reporter-output>
          </reporter-output>
        </test-method> <!-- beforeMethod -->
        <test-method signature="TC03()[pri:0, instance:TestCases.Railway.LoginTest@7c729a55]" started-at="2026-02-04T17:00:42 GMT+07:00" name="TC03" finished-at="2026-02-04T17:00:46 GMT+07:00" duration-ms="4070" status="FAIL">
          <exception class="java.lang.AssertionError">
            <message>
              <![CDATA[Error message is not displayed as expected expected [There was a problem with your login and/or errors exist in your form.] but found [Invalid username or password. Please try again.]]]>
            </message>
            <full-stacktrace>
              <![CDATA[java.lang.AssertionError: Error message is not displayed as expected expected [There was a problem with your login and/or errors exist in your form.] but found [Invalid username or password. Please try again.]
at org.testng.Assert.fail(Assert.java:111)
at org.testng.Assert.failNotEquals(Assert.java:1590)
at org.testng.Assert.assertEqualsImpl(Assert.java:150)
at org.testng.Assert.assertEquals(Assert.java:132)
at org.testng.Assert.assertEquals(Assert.java:656)
at TestCases.Railway.LoginTest.TC03(LoginTest.java:78)
at java.base/jdk.internal.reflect.DirectMethodHandleAccessor.invoke(DirectMethodHandleAccessor.java:104)
at java.base/java.lang.reflect.Method.invoke(Method.java:565)
at org.testng.internal.invokers.MethodInvocationHelper.invokeMethod(MethodInvocationHelper.java:141)
at org.testng.internal.invokers.TestInvoker.invokeMethod(TestInvoker.java:697)
at org.testng.internal.invokers.TestInvoker.invokeTestMethod(TestInvoker.java:230)
at org.testng.internal.invokers.MethodRunner.runInSequence(MethodRunner.java:63)
at org.testng.internal.invokers.TestInvoker$MethodInvocationAgent.invoke(TestInvoker.java:1005)
at org.testng.internal.invokers.TestInvoker.invokeTestMethods(TestInvoker.java:203)
at org.testng.internal.invokers.TestMethodWorker.invokeTestMethods(TestMethodWorker.java:154)
at org.testng.internal.invokers.TestMethodWorker.run(TestMethodWorker.java:134)
at java.base/java.util.ArrayList.forEach(ArrayList.java:1604)
at org.testng.TestRunner.privateRun(TestRunner.java:744)
at org.testng.TestRunner.run(TestRunner.java:616)
at org.testng.SuiteRunner.runTest(SuiteRunner.java:421)
at org.testng.SuiteRunner.runSequentially(SuiteRunner.java:413)
at org.testng.SuiteRunner.privateRun(SuiteRunner.java:373)
at org.testng.SuiteRunner.run(SuiteRunner.java:312)
at org.testng.SuiteRunnerWorker.runSuite(SuiteRunnerWorker.java:52)
at org.testng.SuiteRunnerWorker.run(SuiteRunnerWorker.java:95)
at org.testng.TestNG.runSuitesSequentially(TestNG.java:1274)
at org.testng.TestNG.runSuitesLocally(TestNG.java:1208)
at org.testng.TestNG.runSuites(TestNG.java:1112)
at org.testng.TestNG.run(TestNG.java:1079)
at org.testng.remote.AbstractRemoteTestNG.run(AbstractRemoteTestNG.java:115)
at org.testng.remote.RemoteTestNG.initAndRun(RemoteTestNG.java:293)
at org.testng.remote.RemoteTestNG.main(RemoteTestNG.java:91)
]]>
            </full-stacktrace>
          </exception> <!-- java.lang.AssertionError -->
          <reporter-output>
          </reporter-output>
        </test-method> <!-- TC03 -->
        <test-method is-config="true" signature="afterMethod()[pri:0, instance:TestCases.Railway.LoginTest@7c729a55]" started-at="2026-02-04T17:00:46 GMT+07:00" name="afterMethod" finished-at="2026-02-04T17:00:47 GMT+07:00" duration-ms="199" status="PASS">
          <reporter-output>
          </reporter-output>
        </test-method> <!-- afterMethod -->
        <test-method is-config="true" signature="beforeMethod()[pri:0, instance:TestCases.Railway.LoginTest@7c729a55]" started-at="2026-02-04T17:00:47 GMT+07:00" name="beforeMethod" finished-at="2026-02-04T17:00:48 GMT+07:00" duration-ms="979" status="PASS">
          <reporter-output>
          </reporter-output>
        </test-method> <!-- beforeMethod -->
        <test-method signature="TC04()[pri:0, instance:TestCases.Railway.LoginTest@7c729a55]" started-at="2026-02-04T17:00:48 GMT+07:00" name="TC04" finished-at="2026-02-04T17:00:56 GMT+07:00" duration-ms="8598" status="FAIL">
          <exception class="java.lang.AssertionError">
            <message>
              <![CDATA[Error message is not displayed as expected expected [You have used 4 out of 5 login attempts. After all 5 have been used, you will be unable to login for 15 minutes.] but found [Invalid username or password. Please try again.]]]>
            </message>
            <full-stacktrace>
              <![CDATA[java.lang.AssertionError: Error message is not displayed as expected expected [You have used 4 out of 5 login attempts. After all 5 have been used, you will be unable to login for 15 minutes.] but found [Invalid username or password. Please try again.]
at org.testng.Assert.fail(Assert.java:111)
at org.testng.Assert.failNotEquals(Assert.java:1590)
at org.testng.Assert.assertEqualsImpl(Assert.java:150)
at org.testng.Assert.assertEquals(Assert.java:132)
at org.testng.Assert.assertEquals(Assert.java:656)
at TestCases.Railway.LoginTest.TC04(LoginTest.java:111)
at java.base/jdk.internal.reflect.DirectMethodHandleAccessor.invoke(DirectMethodHandleAccessor.java:104)
at java.base/java.lang.reflect.Method.invoke(Method.java:565)
at org.testng.internal.invokers.MethodInvocationHelper.invokeMethod(MethodInvocationHelper.java:141)
at org.testng.internal.invokers.TestInvoker.invokeMethod(TestInvoker.java:697)
at org.testng.internal.invokers.TestInvoker.invokeTestMethod(TestInvoker.java:230)
at org.testng.internal.invokers.MethodRunner.runInSequence(MethodRunner.java:63)
at org.testng.internal.invokers.TestInvoker$MethodInvocationAgent.invoke(TestInvoker.java:1005)
at org.testng.internal.invokers.TestInvoker.invokeTestMethods(TestInvoker.java:203)
at org.testng.internal.invokers.TestMethodWorker.invokeTestMethods(TestMethodWorker.java:154)
at org.testng.internal.invokers.TestMethodWorker.run(TestMethodWorker.java:134)
at java.base/java.util.ArrayList.forEach(ArrayList.java:1604)
at org.testng.TestRunner.privateRun(TestRunner.java:744)
at org.testng.TestRunner.run(TestRunner.java:616)
at org.testng.SuiteRunner.runTest(SuiteRunner.java:421)
at org.testng.SuiteRunner.runSequentially(SuiteRunner.java:413)
at org.testng.SuiteRunner.privateRun(SuiteRunner.java:373)
at org.testng.SuiteRunner.run(SuiteRunner.java:312)
at org.testng.SuiteRunnerWorker.runSuite(SuiteRunnerWorker.java:52)
at org.testng.SuiteRunnerWorker.run(SuiteRunnerWorker.java:95)
at org.testng.TestNG.runSuitesSequentially(TestNG.java:1274)
at org.testng.TestNG.runSuitesLocally(TestNG.java:1208)
at org.testng.TestNG.runSuites(TestNG.java:1112)
at org.testng.TestNG.run(TestNG.java:1079)
at org.testng.remote.AbstractRemoteTestNG.run(AbstractRemoteTestNG.java:115)
at org.testng.remote.RemoteTestNG.initAndRun(RemoteTestNG.java:293)
at org.testng.remote.RemoteTestNG.main(RemoteTestNG.java:91)
]]>
            </full-stacktrace>
          </exception> <!-- java.lang.AssertionError -->
          <reporter-output>
          </reporter-output>
        </test-method> <!-- TC04 -->
        <test-method is-config="true" signature="afterMethod()[pri:0, instance:TestCases.Railway.LoginTest@7c729a55]" started-at="2026-02-04T17:00:56 GMT+07:00" name="afterMethod" finished-at="2026-02-04T17:00:56 GMT+07:00" duration-ms="215" status="PASS">
          <reporter-output>
          </reporter-output>
        </test-method> <!-- afterMethod -->
        <test-method is-config="true" signature="beforeMethod()[pri:0, instance:TestCases.Railway.LoginTest@7c729a55]" started-at="2026-02-04T17:00:56 GMT+07:00" name="beforeMethod" finished-at="2026-02-04T17:00:57 GMT+07:00" duration-ms="945" status="PASS">
          <reporter-output>
          </reporter-output>
        </test-method> <!-- beforeMethod -->
        <test-method signature="TC05()[pri:0, instance:TestCases.Railway.LoginTest@7c729a55]" started-at="2026-02-04T17:00:57 GMT+07:00" name="TC05" finished-at="2026-02-04T17:01:09 GMT+07:00" duration-ms="11427" status="PASS">
          <reporter-output>
          </reporter-output>
        </test-method> <!-- TC05 -->
        <test-method is-config="true" signature="afterMethod()[pri:0, instance:TestCases.Railway.LoginTest@7c729a55]" started-at="2026-02-04T17:01:09 GMT+07:00" name="afterMethod" finished-at="2026-02-04T17:01:09 GMT+07:00" duration-ms="188" status="PASS">
          <reporter-output>
          </reporter-output>
        </test-method> <!-- afterMethod -->
      </class> <!-- TestCases.Railway.LoginTest -->
    </test> <!-- Default test -->
  </suite> <!-- Default suite -->
</testng-results>
